0 verbose cli C:\Program Files\nodejs\node.exe C:\Program Files\nodejs\node_modules\npm\bin\npm-cli.js
1 info using npm@11.13.0
2 info using node@v24.16.0
3 silly config load:file:C:\Program Files\nodejs\node_modules\npm\npmrc
4 silly config load:file:D:\网页\.npmrc
5 silly config load:file:C:\Users\15750\.npmrc
6 silly config load:file:D:\网页\.appdata\npm\etc\npmrc
7 verbose title npm exec create-next-app@latest . --ts --tailwind --eslint --app --src-dir --import-alias @/* --no-turbo --use-npm --yes
8 verbose argv "exec" "--" "create-next-app@latest" "." "--ts" "--tailwind" "--eslint" "--app" "--src-dir" "--import-alias" "@/*" "--no-turbo" "--use-npm" "--yes"
9 verbose logfile logs-max:10 dir:D:\网页\.localappdata\npm-cache\_logs\2026-06-06T14_12_39_213Z-
10 verbose logfile D:\网页\.localappdata\npm-cache\_logs\2026-06-06T14_12_39_213Z-debug-0.log
11 silly logfile done cleaning log files
12 silly packumentCache heap:4496293888 maxSize:1124073472 maxEntrySize:562036736
13 http fetch GET 200 https://registry.npmjs.org/create-next-app 18008ms (cache miss)
14 silly packumentCache heap:4496293888 maxSize:1124073472 maxEntrySize:562036736
15 verbose Could not read global path D:\网页\.appdata\npm, ignoring
16 silly packumentCache heap:4496293888 maxSize:1124073472 maxEntrySize:562036736
17 silly idealTree buildDeps
18 silly fetch manifest create-next-app@16.2.7
19 silly packumentCache full:https://registry.npmjs.org/create-next-app cache-miss
20 http fetch GET 200 https://registry.npmjs.org/create-next-app 18683ms (cache miss)
21 silly packumentCache full:https://registry.npmjs.org/create-next-app set size:undefined disposed:false
22 silly placeDep ROOT create-next-app@16.2.7 OK for:  want: 16.2.7
23 silly reify moves {}
24 silly audit bulk request { 'create-next-app': [ '16.2.7' ] }
25 http cache create-next-app@https://registry.npmjs.org/create-next-app/-/create-next-app-16.2.7.tgz 0ms (cache hit)
26 silly tarball no local data for create-next-app@https://registry.npmjs.org/create-next-app/-/create-next-app-16.2.7.tgz. Extracting by manifest.
27 http fetch POST 200 https://registry.npmjs.org/-/npm/v1/security/advisories/bulk 264ms
28 silly audit report {}
29 http fetch GET 200 https://registry.npmjs.org/create-next-app/-/create-next-app-16.2.7.tgz 5111ms (cache miss)
30 verbose cwd D:\网页
31 verbose os Windows_NT 10.0.26200
32 verbose node v24.16.0
33 verbose npm  v11.13.0
34 verbose exit 1
35 verbose code 1
